#
# There is insufficient memory for the Java Runtime Environment to continue.
# Native memory allocation (mmap) failed to map 264241152 bytes. Error detail: G1 virtual space
# Possible reasons:
#   The system is out of physical RAM or swap space
#   This process is running with CompressedOops enabled, and the Java Heap may be blocking the growth of the native heap
# Possible solutions:
#   Reduce memory load on the system
#   Increase physical memory or swap space
#   Check if swap backing store is full
#   Decrease Java heap size (-Xmx/-Xms)
#   Decrease number of Java threads
#   Decrease Java thread stack sizes (-Xss)
#   Set larger code cache with -XX:ReservedCodeCacheSize=
#   JVM is running with Zero Based Compressed Oops mode in which the Java heap is
#     placed in the first 32GB address space. The Java Heap base address is the
#     maximum limit for the native heap growth. Please use -XX:HeapBaseMinAddress
#     to set the Java Heap base and to place the Java Heap above 32GB virtual address.
# This output file may be truncated or incomplete.
#
#  Out of Memory Error (os_windows.cpp:3926), pid=12756, tid=21208
#
# JRE version:  (21.0.10) (build )
# Java VM: OpenJDK 64-Bit Server VM (21.0.10+-14961533-b1163.108, mixed mode, sharing, tiered, compressed oops, compressed class ptrs, g1 gc, windows-amd64)
# No core dump will be written. Minidumps are not enabled by default on client versions of Windows
#

---------------  S U M M A R Y ------------

Command Line: git4idea.http.GitAskPassApp Username for 'https://github.com': 

Host: 11th Gen Intel(R) Core(TM) i7-11800H @ 2.30GHz, 16 cores, 15G,  Windows 11 , 64 bit Build 26100 (10.0.26100.8737)
Time: Wed Jul  1 03:01:19 2026 elapsed time: 1.058711 seconds (0d 0h 0m 1s)

---------------  T H R E A D  ---------------

Current thread (0x000002695c65f8a0):  JavaThread "Unknown thread" [_thread_in_vm, id=21208, stack(0x000000a865500000,0x000000a865600000) (1024K)]

Stack: [0x000000a865500000,0x000000a865600000]
Native frames: (J=compiled Java code, j=interpreted, Vv=VM code, C=native code)
V  [jvm.dll+0x6d78a9]
V  [jvm.dll+0x8665b3]
V  [jvm.dll+0x868bde]
V  [jvm.dll+0x8692c3]
V  [jvm.dll+0x280ee6]
V  [jvm.dll+0x6d4165]
V  [jvm.dll+0x6c77fa]
V  [jvm.dll+0x358f4b]
V  [jvm.dll+0x360bc6]
V  [jvm.dll+0x3b2ea6]
V  [jvm.dll+0x3b3178]
V  [jvm.dll+0x32b65c]
V  [jvm.dll+0x32c34b]
V  [jvm.dll+0x82f449]
V  [jvm.dll+0x3c0078]
V  [jvm.dll+0x8185e8]
V  [jvm.dll+0x45449e]
V  [jvm.dll+0x455c01]
C  [jli.dll+0x52ab]
C  [ucrtbase.dll+0x2cd30]
C  [KERNEL32.DLL+0x2e957]
C  [ntdll.dll+0xaad6c]


---------------  P R O C E S S  ---------------

Threads class SMR info:
_java_thread_list=0x00007ffe61eeb9c8, length=0, elements={
}

Java Threads: ( => current thread )
Total: 0

Other Threads:
  0x000002695c6c17e0 WorkerThread "GC Thread#0"                     [id=12344, stack(0x000000a865600000,0x000000a865700000) (1024K)]
  0x000002695c6d3a70 ConcurrentGCThread "G1 Main Marker"            [id=21744, stack(0x000000a865700000,0x000000a865800000) (1024K)]
  0x000002695c6d5fa0 WorkerThread "G1 Conc#0"                       [id=13300, stack(0x000000a865800000,0x000000a865900000) (1024K)]

[error occurred during error reporting (printing all threads), id 0xc0000005, EXCEPTION_ACCESS_VIOLATION (0xc0000005) at pc=0x00007ffe616de637]
VM state: not at safepoint (not fully initialized)

VM Mutex/Monitor currently owned by a thread:  ([mutex/lock_event])
[0x00007ffe61f587d0] Heap_lock - owner thread: 0x000002695c65f8a0

Heap address: 0x0000000704400000, size: 4028 MB, Compressed Oops mode: Zero based, Oop shift amount: 3

CDS archive(s) mapped at: [0x0000000000000000-0x0000000000000000-0x0000000000000000), size 0, SharedBaseAddress: 0x0000000800000000, ArchiveRelocationMode: 1.
Narrow klass base: 0x0000000000000000, Narrow klass shift: 0, Narrow klass range: 0x0

GC Precious Log:
 CardTable entry size: 512
 Card Set container configuration: InlinePtr #cards 4 size 8 Array Of Cards #cards 16 size 48 Howl #buckets 8 coarsen threshold 3686 Howl Bitmap #cards 512 size 80 coarsen threshold 460 Card regions per heap region 1 cards per card region 4096

Heap:
 garbage-first heap   total 0K, used 0K [0x0000000704400000, 0x0000000800000000)
  region size 2048K, 0 young (0K), 0 survivors (0K)
 Metaspace       used 0K, committed 0K, reserved 0K
  class space    used 0K, committed 0K, reserved 0K

Heap Regions: E=young(eden), S=young(survivor), O=old, HS=humongous(starts), HC=humongous(continues), CS=collection set, F=free, TAMS=top-at-mark-start, PB=parsable bottom

Card table byte_map: [0x000002696f820000,0x0000026970000000] _byte_map_base: 0x000002696bffe000

Marking Bits: (CMBitMap*) 0x000002695c6c3300
 Bits: [0x0000026970000000, 0x0000026973ef0000)

GC Heap History (0 events):
No events

Dll operation events (1 events):
Event: 0.005 Loaded shared library C:\Program Files\Android\Android Studio\jbr\bin\java.dll

Deoptimization events (0 events):
No events

Classes loaded (0 events):
No events

Classes unloaded (0 events):
No events

Classes redefined (0 events):
No events

Internal exceptions (0 events):
No events

ZGC Phase Switch (0 events):
No events

VM Operations (0 events):
No events

Memory protections (0 events):
No events

Nmethod flushes (0 events):
No events

Events (0 events):
No events


Dynamic libraries:
0x00007ff782a00000 - 0x00007ff782a0a000 	C:\Program Files\Android\Android Studio\jbr\bin\java.exe
0x00007ffefe980000 - 0x00007ffefebe6000 	C:\WINDOWS\SYSTEM32\ntdll.dll
0x00007ffefd890000 - 0x00007ffefd959000 	C:\WINDOWS\System32\KERNEL32.DLL
0x00007ffefbba0000 - 0x00007ffefbfa0000 	C:\WINDOWS\System32\KERNELBASE.dll
0x00007ffefc290000 - 0x00007ffefc3dc000 	C:\WINDOWS\System32\ucrtbase.dll
0x00007ffeb63d0000 - 0x00007ffeb63e8000 	C:\Program Files\Android\Android Studio\jbr\bin\jli.dll
0x00007ffef15e0000 - 0x00007ffef15fb000 	C:\Program Files\Android\Android Studio\jbr\bin\VCRUNTIME140.dll
0x00007ffefd4e0000 - 0x00007ffefd6a7000 	C:\WINDOWS\System32\USER32.dll
0x00007ffefc260000 - 0x00007ffefc287000 	C:\WINDOWS\System32\win32u.dll
0x00007ffedc130000 - 0x00007ffedc3c2000 	C:\WINDOWS\WinSxS\amd64_microsoft.windows.common-controls_6595b64144ccf1df_6.0.26100.8737_none_3e092eaee333b772\COMCTL32.dll
0x00007ffefdce0000 - 0x00007ffefdd0b000 	C:\WINDOWS\System32\GDI32.dll
0x00007ffefdf70000 - 0x00007ffefe019000 	C:\WINDOWS\System32\msvcrt.dll
0x00007ffefbfb0000 - 0x00007ffefc0d9000 	C:\WINDOWS\System32\gdi32full.dll
0x00007ffefc480000 - 0x00007ffefc523000 	C:\WINDOWS\System32\msvcp_win.dll
0x00007ffefcb50000 - 0x00007ffefcb82000 	C:\WINDOWS\System32\IMM32.DLL
0x00007ffef2ab0000 - 0x00007ffef2abc000 	C:\Program Files\Android\Android Studio\jbr\bin\vcruntime140_1.dll
0x00007ffef07f0000 - 0x00007ffef087d000 	C:\Program Files\Android\Android Studio\jbr\bin\msvcp140.dll
0x00007ffe613a0000 - 0x00007ffe62036000 	C:\Program Files\Android\Android Studio\jbr\bin\server\jvm.dll
0x00007ffefe880000 - 0x00007ffefe937000 	C:\WINDOWS\System32\ADVAPI32.dll
0x00007ffefda60000 - 0x00007ffefdb0a000 	C:\WINDOWS\System32\sechost.dll
0x00007ffefe020000 - 0x00007ffefe138000 	C:\WINDOWS\System32\RPCRT4.dll
0x00007ffefcc20000 - 0x00007ffefcca0000 	C:\WINDOWS\System32\WS2_32.dll
0x00007ffefa6a0000 - 0x00007ffefa6fe000 	C:\WINDOWS\SYSTEM32\POWRPROF.dll
0x00007ffeed290000 - 0x00007ffeed2c6000 	C:\WINDOWS\SYSTEM32\WINMM.dll
0x00007ffef1a90000 - 0x00007ffef1a9b000 	C:\WINDOWS\SYSTEM32\VERSION.dll
0x00007ffefa680000 - 0x00007ffefa694000 	C:\WINDOWS\SYSTEM32\UMPDC.dll
0x00007ffefa960000 - 0x00007ffefa97b000 	C:\WINDOWS\SYSTEM32\kernel.appcore.dll
0x00007ffef15d0000 - 0x00007ffef15da000 	C:\Program Files\Android\Android Studio\jbr\bin\jimage.dll
0x00007ffef8f50000 - 0x00007ffef9192000 	C:\WINDOWS\SYSTEM32\DBGHELP.DLL
0x00007ffefc6b0000 - 0x00007ffefca33000 	C:\WINDOWS\System32\combase.dll
0x00007ffefe730000 - 0x00007ffefe809000 	C:\WINDOWS\System32\OLEAUT32.dll
0x00007ffeeffc0000 - 0x00007ffeefffb000 	C:\WINDOWS\SYSTEM32\dbgcore.DLL
0x00007ffefc0e0000 - 0x00007ffefc18c000 	C:\WINDOWS\System32\bcryptPrimitives.dll
0x00007ffef15b0000 - 0x00007ffef15d0000 	C:\Program Files\Android\Android Studio\jbr\bin\java.dll

JVMTI agents: none

dbghelp: loaded successfully - version: 4.0.5 - missing functions: none
symbol engine: initialized successfully - sym options: 0x614 - pdb path: .;C:\Program Files\Android\Android Studio\jbr\bin;C:\WINDOWS\SYSTEM32;C:\WINDOWS\WinSxS\amd64_microsoft.windows.common-controls_6595b64144ccf1df_6.0.26100.8737_none_3e092eaee333b772;C:\Program Files\Android\Android Studio\jbr\bin\server

VM Arguments:
java_command: git4idea.http.GitAskPassApp Username for 'https://github.com': 
java_class_path (initial): C:/Program Files/Android/Android Studio/plugins/vcs-git/lib/git4idea-rt.jar;C:/Program Files/Android/Android Studio/lib/externalProcess-rt.jar
Launcher Type: SUN_STANDARD

[Global flags]
     intx CICompilerCount                          = 12                                        {product} {ergonomic}
     uint ConcGCThreads                            = 3                                         {product} {ergonomic}
     uint G1ConcRefinementThreads                  = 13                                        {product} {ergonomic}
   size_t G1HeapRegionSize                         = 2097152                                   {product} {ergonomic}
    uintx GCDrainStackTargetSize                   = 64                                        {product} {ergonomic}
   size_t InitialHeapSize                          = 264241152                                 {product} {ergonomic}
   size_t MarkStackSize                            = 4194304                                   {product} {ergonomic}
   size_t MaxHeapSize                              = 4223664128                                {product} {ergonomic}
   size_t MinHeapDeltaBytes                        = 2097152                                   {product} {ergonomic}
   size_t MinHeapSize                              = 8388608                                   {product} {ergonomic}
    uintx NonNMethodCodeHeapSize                   = 7602480                                {pd product} {ergonomic}
    uintx NonProfiledCodeHeapSize                  = 122027880                              {pd product} {ergonomic}
    uintx ProfiledCodeHeapSize                     = 122027880                              {pd product} {ergonomic}
    uintx ReservedCodeCacheSize                    = 251658240                              {pd product} {ergonomic}
     bool SegmentedCodeCache                       = true                                      {product} {ergonomic}
   size_t SoftMaxHeapSize                          = 4223664128                             {manageable} {ergonomic}
     bool UseCompressedOops                        = true                           {product lp64_product} {ergonomic}
     bool UseG1GC                                  = true                                      {product} {ergonomic}
     bool UseLargePagesIndividualAllocation        = false                                  {pd product} {ergonomic}

Logging:
Log output configuration:
 #0: stdout all=warning uptime,level,tags foldmultilines=false
 #1: stderr all=off uptime,level,tags foldmultilines=false

Release file:
<release file has not been read>
Environment Variables:
JAVA_HOME=C:\Program Files\Eclipse Adoptium\jdk-21.0.8.9-hotspot
PATH=C:/Program Files/Git/mingw64/libexec/git-core;C:/Program Files/Git/mingw64/libexec/git-core;C:\Program Files\Git\mingw64\bin;C:\Program Files\Git\usr\bin;C:\Users\david\bin;C:\Program Files\Common Files\Oracle\Java\javapath;C:\Program Files (x86)\Common Files\Oracle\Java\java8path;C:\Program Files (x86)\Common Files\Oracle\Java\javapath;C:\ProgramData\Oracle\Java\javapath;C:\Windows\system32;C:\Windows;C:\Windows\System32\Wbem;C:\Windows\System32\WindowsPowerShell\v1.0\;C:\Windows\System32\OpenSSH\;C:\Program Files (x86)\NVIDIA Corporation\PhysX\Common;C:\WINDOWS\system32;C:\WINDOWS;C:\WINDOWS\System32\Wbem;C:\WINDOWS\System32\WindowsPowerShell\v1.0\;C:\WINDOWS\System32\OpenSSH\;C:\msys64\mingw64\bin;C:\MinGW\bin;C:\WINDOWS\system32;C:\WINDOWS;C:\WINDOWS\System32\Wbem;C:\WINDOWS\System32\WindowsPowerShell\v1.0\;C:\WINDOWS\System32\OpenSSH\;C:\Program Files\NVIDIA Corporation\NVIDIA NvDLISR;C:\gradle-8.14.3\bin;C:\Program Files\Git\cmd;C:\ProgramData\chocolatey\bin;C:\Users\david\AppData\Local\Pub\Cache\bin;C:\Program Files\nodej;C:\Users\david\AppData\Roaming\Python\Python313\Scripts;C:\msys64\mingw64\bin;C:\Users\david\AppData\Local\Microsoft\WindowsApps;C:\Users\david\AppData\Local\Programs\Microsoft VS Code\bin;C:\Users\david\flutter\bin;C:\Users\david\AppData\Local\Android\Sdk;C:\Users\david\AppData\Local\Android\Sdk\platform-tools;C:\Users\david\AppData\Roaming\Python\Python313\Scripts;C:\Users\david\AppData\Local\Python\bin
USERNAME=david
DISPLAY=:0.0
LC_ALL=en_US.UTF-8
TERM=xterm-256color
TMPDIR=C:\Users\david\AppData\Local\Temp
OS=Windows_NT
PROCESSOR_IDENTIFIER=Intel64 Family 6 Model 141 Stepping 1, GenuineIntel
TMP=C:\Users\david\AppData\Local\Temp
TEMP=C:\Users\david\AppData\Local\Temp




Periodic native trim disabled

JNI global refs:
JNI global refs: 0, weak refs: 0

JNI global refs memory usage: 0, weak refs: 0

Process memory usage:
Resident Set Size: 13392K (0% of 16492316K total physical memory with 3237404K free physical memory)

OOME stack traces (most recent first):
Classloader memory used:

---------------  S Y S T E M  ---------------

OS:
 Windows 11 , 64 bit Build 26100 (10.0.26100.8737)
OS uptime: 0 days 2:07 hours
Hyper-V role detected

CPU: total 16 (initial active 16) (8 cores per cpu, 2 threads per core) family 6 model 141 stepping 1 microcode 0x34, cx8, cmov, fxsr, ht, mmx, 3dnowpref, sse, sse2, sse3, ssse3, sse4.1, sse4.2, popcnt, lzcnt, tsc, tscinvbit, avx, avx2, aes, erms, clmul, bmi1, bmi2, adx, avx512f, avx512dq, avx512cd, avx512bw, avx512vl, sha, fma, vzeroupper, avx512_vpopcntdq, avx512_vpclmulqdq, avx512_vaes, avx512_vnni, clflush, clflushopt, clwb, avx512_vbmi2, avx512_vbmi, hv, rdtscp, rdpid, fsrm, gfni, avx512_bitalg, f16c, cet_ibt, cet_ss, avx512_ifma
Processor Information for the first 16 processors :
  Max Mhz: 2304, Current Mhz: 2304, Mhz Limit: 2304

Memory: 4k page, system-wide physical 16105M (3161M free)
TotalPageFile size 16105M (AvailPageFile size 183M)
current process WorkingSet (physical memory assigned to process): 13M, peak: 13M
current process commit charge ("private bytes"): 70M, peak: 322M

vm_info: OpenJDK 64-Bit Server VM (21.0.10+-14961533-b1163.108) for windows-amd64 JRE (21.0.10+-14961533-b1163.108), built on 2026-03-02T19:58:50Z by "builder" with MS VC++ 16.10 / 16.11 (VS2019)

END.
